cpu-bind=MASK - gn39, task  3  0 [1047821]: mask 0xffff0000ffff0000ffffffffffffffffffff0000ffff0000ffffffffffffffff set
*******STARTING********
--- Running on Node Rank: 3 ---
Total Nodes: 4
--- CUDA_VISIBLE_DEVICES for this srun task: 0,1,2,3 ---
GPUs per Node: 4
Master Address: gn31
Master Port: 29500
-------------------------------------------
accelerate launch     --config_file /ceph/hpc/data/s24o01-42-users/translation_optimization/trl/accelerate_config.yaml     --num_machines 4     --machine_rank 3     --main_process_ip gn31     --main_process_port 29500     --num_processes 16     --deepspeed_hostfile /ceph/hpc/data/s24o01-42-users/translation_optimization/trl/result_dir/hostfile_62777235     --deepspeed_multinode_launcher standard     --rdzv_backend static     --same_network     --mixed_precision bf16     "train_curriculum.py"     --rank=64 --learning_rate=4e-7 --total_epochs=3 --beta=0.2 --curriculum_stage=0
-------------------------------------------
[2025-06-08 19:14:45,590] [INFO] [real_accelerator.py:222:get_accelerator] Setting ds_accelerator to cuda (auto detect)
W0608 19:14:49.293000 1047869 torch/distributed/run.py:792] 
W0608 19:14:49.293000 1047869 torch/distributed/run.py:792] *****************************************
W0608 19:14:49.293000 1047869 torch/distributed/run.py:792] Setting OMP_NUM_THREADS environment variable for each process to be 1 in default, to avoid your system being overloaded, please further tune the variable for optimal performance in your application as needed. 
W0608 19:14:49.293000 1047869 torch/distributed/run.py:792] *****************************************
[2025-06-08 19:15:49,560] [INFO] [real_accelerator.py:222:get_accelerator] Setting ds_accelerator to cuda (auto detect)
[2025-06-08 19:15:49,591] [INFO] [real_accelerator.py:222:get_accelerator] Setting ds_accelerator to cuda (auto detect)
[2025-06-08 19:15:49,620] [INFO] [real_accelerator.py:222:get_accelerator] Setting ds_accelerator to cuda (auto detect)
[2025-06-08 19:15:49,628] [INFO] [real_accelerator.py:222:get_accelerator] Setting ds_accelerator to cuda (auto detect)
Training data of type 'bad_lang_examples':    Training data of type 'bad_lang_examples':    Training data of type 'bad_lang_examples':    Training data of type 'bad_lang_examples':    3489
3489
3489
3489
Training data of type 'short_examples':       Training data of type 'short_examples':       Training data of type 'short_examples':       Training data of type 'short_examples':       699
699
699
699
Training data of type 'choose_examples':      Training data of type 'choose_examples':      Training data of type 'choose_examples':      Training data of type 'choose_examples':      13379
13379
13379
13379
Training data of type 'bad_format_examples':  Training data of type 'bad_format_examples':  Training data of type 'bad_format_examples':  Training data of type 'bad_format_examples':  3148
3148
3148
3148
**************************************************
**************************************************
**************************************************
**************************************************
Evaluation data size: Evaluation data size: Evaluation data size: Evaluation data size: 953
953
953
953
Curriculum stage 0 training data size: Curriculum stage 0 training data size: Curriculum stage 0 training data size: 7336
Curriculum stage 0 training data size: 7336
7336
7336
Curriculum stage 1 training data size: Curriculum stage 1 training data size:Curriculum stage 1 training data size: Curriculum stage 1 training data size: 6689
 66896689
6689

Curriculum stage 2 training data size: Curriculum stage 2 training data size: Curriculum stage 2 training data size: Curriculum stage 2 training data size: 6690
6690
6690
6690
Namespace(rank=64, learning_rate=4e-07, total_epochs=3, beta=0.2, curriculum_stage=0)
Namespace(rank=64, learning_rate=4e-07, total_epochs=3, beta=0.2, curriculum_stage=0)
Namespace(rank=64, learning_rate=4e-07, total_epochs=3, beta=0.2, curriculum_stage=0)
Namespace(rank=64, learning_rate=4e-07, total_epochs=3, beta=0.2, curriculum_stage=0)
4e-07
4e-07
4e-07
4e-07
World size: 16
Setting gradient accumulation steps to: 1
[2025-06-08 19:15:59,336] [INFO] [comm.py:658:init_distributed] cdb=None
[2025-06-08 19:15:59,339] [INFO] [comm.py:658:init_distributed] cdb=None
[2025-06-08 19:15:59,342] [INFO] [comm.py:658:init_distributed] cdb=None
Created datasets
Train dataset size: 7336
Validation dataset size: 953
Steps per epoch: 458
Evaluate each 229 steps
[2025-06-08 19:15:59,843] [INFO] [comm.py:658:init_distributed] cdb=None
Set up DPO configuration
Loading checkpoint shards:   0%|          | 0/4 [00:00<?, ?it/s]Loading checkpoint shards:   0%|          | 0/4 [00:00<?, ?it/s]Loading checkpoint shards:   0%|          | 0/4 [00:00<?, ?it/s]Loading checkpoint shards:   0%|          | 0/4 [00:00<?, ?it/s]Loading checkpoint shards:  25%|██▌       | 1/4 [00:20<01:01, 20.49s/it]Loading checkpoint shards:  25%|██▌       | 1/4 [00:30<01:30, 30.27s/it]Loading checkpoint shards:  25%|██▌       | 1/4 [00:30<01:30, 30.25s/it]Loading checkpoint shards:  25%|██▌       | 1/4 [00:30<01:31, 30.35s/it]W0608 19:17:33.549000 1047869 torch/distributed/elastic/multiprocessing/api.py:897] Sending process 1048058 closing signal SIGTERM
W0608 19:17:33.831000 1047869 torch/distributed/elastic/multiprocessing/api.py:897] Sending process 1048059 closing signal SIGTERM
W0608 19:17:33.851000 1047869 torch/distributed/elastic/multiprocessing/api.py:897] Sending process 1048060 closing signal SIGTERM
E0608 19:17:34.950000 1047869 torch/distributed/elastic/multiprocessing/api.py:869] failed (exitcode: -9) local_rank: 0 (pid: 1048057) of binary: /usr/bin/python3
Traceback (most recent call last):
  File "/usr/local/bin/accelerate", line 8, in <module>
    sys.exit(main())
  File "/usr/local/lib/python3.10/dist-packages/accelerate/commands/accelerate_cli.py", line 48, in main
    args.func(args)
  File "/usr/local/lib/python3.10/dist-packages/accelerate/commands/launch.py", line 1182, in launch_command
    deepspeed_launcher(args)
  File "/usr/local/lib/python3.10/dist-packages/accelerate/commands/launch.py", line 861, in deepspeed_launcher
    distrib_run.run(args)
  File "/usr/local/lib/python3.10/dist-packages/torch/distributed/run.py", line 909, in run
    elastic_launch(
  File "/usr/local/lib/python3.10/dist-packages/torch/distributed/launcher/api.py", line 138, in __call__
    return launch_agent(self._config, self._entrypoint, list(args))
  File "/usr/local/lib/python3.10/dist-packages/torch/distributed/launcher/api.py", line 269, in launch_agent
    raise ChildFailedError(
torch.distributed.elastic.multiprocessing.errors.ChildFailedError: 
========================================================
train_curriculum.py FAILED
--------------------------------------------------------
Failures:
  <NO_OTHER_FAILURES>
--------------------------------------------------------
Root Cause (first observed failure):
[0]:
  time      : 2025-06-08_19:17:33
  host      : pm6-nod24.vega.pri
  rank      : 12 (local_rank: 0)
  exitcode  : -9 (pid: 1048057)
  error_file: <N/A>
  traceback : Signal 9 (SIGKILL) received by PID 1048057
========================================================
slurmstepd: error: Detected 1 oom_kill event in StepId=62777235.0. Some of the step tasks have been OOM Killed.
